<?xml version='1.1' encoding='UTF-8'?>
<result plugin="junit@1.28">
  <suites>
    <suite>
      <file>C:\KishoreSystem\Jenkins\workspace\project-management-app\target\surefire-reports\TEST-com.api.project.management.config.LocalDateAttributeConverterTest.xml</file>
      <name>com.api.project.management.config.LocalDateAttributeConverterTest</name>
      <duration>0.073</duration>
      <time>0.073</time>
      <enclosingBlocks/>
      <enclosingBlockNames/>
      <cases>
        <case>
          <duration>0.073</duration>
          <className>com.api.project.management.config.LocalDateAttributeConverterTest</className>
          <testName>testAttributeConverter</testName>
          <skipped>false</skipped>
          <failedSince>0</failedSince>
        </case>
      </cases>
    </suite>
    <suite>
      <file>C:\KishoreSystem\Jenkins\workspace\project-management-app\target\surefire-reports\TEST-com.api.project.management.exception.ExceptionTest.xml</file>
      <name>com.api.project.management.exception.ExceptionTest</name>
      <duration>0.001</duration>
      <time>0.001</time>
      <enclosingBlocks/>
      <enclosingBlockNames/>
      <cases>
        <case>
          <duration>0.001</duration>
          <className>com.api.project.management.exception.ExceptionTest</className>
          <testName>testExceptions</testName>
          <skipped>false</skipped>
          <failedSince>0</failedSince>
        </case>
      </cases>
    </suite>
    <suite>
      <file>C:\KishoreSystem\Jenkins\workspace\project-management-app\target\surefire-reports\TEST-com.api.project.management.request.converter.RequestConvertersTest.xml</file>
      <name>com.api.project.management.request.converter.RequestConvertersTest</name>
      <duration>0.135</duration>
      <time>0.135</time>
      <enclosingBlocks/>
      <enclosingBlockNames/>
      <cases>
        <case>
          <duration>0.051</duration>
          <className>com.api.project.management.request.converter.RequestConvertersTest</className>
          <testName>testProjectDetailsToProjectConverter</testName>
          <skipped>false</skipped>
          <failedSince>0</failedSince>
        </case>
        <case>
          <duration>0.019</duration>
          <className>com.api.project.management.request.converter.RequestConvertersTest</className>
          <testName>testUserDetailsToUserConverterScenarioOne</testName>
          <skipped>false</skipped>
          <failedSince>0</failedSince>
        </case>
        <case>
          <duration>0.029</duration>
          <className>com.api.project.management.request.converter.RequestConvertersTest</className>
          <testName>testUserDetailsToUserConverterScenarioTwo</testName>
          <skipped>false</skipped>
          <failedSince>0</failedSince>
        </case>
        <case>
          <duration>0.018</duration>
          <className>com.api.project.management.request.converter.RequestConvertersTest</className>
          <testName>testParentTaskDetailsToParentTaskConverter</testName>
          <skipped>false</skipped>
          <failedSince>0</failedSince>
        </case>
        <case>
          <duration>0.018</duration>
          <className>com.api.project.management.request.converter.RequestConvertersTest</className>
          <testName>testTaskDetailsToTaskConverter</testName>
          <skipped>false</skipped>
          <failedSince>0</failedSince>
        </case>
      </cases>
    </suite>
    <suite>
      <file>C:\KishoreSystem\Jenkins\workspace\project-management-app\target\surefire-reports\TEST-com.api.project.management.resource.ProjectsResourceTest.xml</file>
      <name>com.api.project.management.resource.ProjectsResourceTest</name>
      <duration>0.1</duration>
      <time>0.1</time>
      <enclosingBlocks/>
      <enclosingBlockNames/>
      <cases>
        <case>
          <duration>0.044</duration>
          <className>com.api.project.management.resource.ProjectsResourceTest</className>
          <testName>testCreateProject</testName>
          <skipped>false</skipped>
          <failedSince>0</failedSince>
        </case>
        <case>
          <duration>0.017</duration>
          <className>com.api.project.management.resource.ProjectsResourceTest</className>
          <testName>testDeleteProjectId</testName>
          <skipped>false</skipped>
          <failedSince>0</failedSince>
        </case>
        <case>
          <duration>0.009</duration>
          <className>com.api.project.management.resource.ProjectsResourceTest</className>
          <testName>testFindAProject</testName>
          <skipped>false</skipped>
          <failedSince>0</failedSince>
        </case>
        <case>
          <duration>0.016</duration>
          <className>com.api.project.management.resource.ProjectsResourceTest</className>
          <testName>testUpdateProject</testName>
          <skipped>false</skipped>
          <failedSince>0</failedSince>
        </case>
        <case>
          <duration>0.007</duration>
          <className>com.api.project.management.resource.ProjectsResourceTest</className>
          <testName>testFindAllProjects</testName>
          <skipped>false</skipped>
          <failedSince>0</failedSince>
        </case>
        <case>
          <duration>0.007</duration>
          <className>com.api.project.management.resource.ProjectsResourceTest</className>
          <testName>testDeleteProject</testName>
          <skipped>false</skipped>
          <failedSince>0</failedSince>
        </case>
      </cases>
    </suite>
    <suite>
      <file>C:\KishoreSystem\Jenkins\workspace\project-management-app\target\surefire-reports\TEST-com.api.project.management.resource.TaskResourceTest.xml</file>
      <name>com.api.project.management.resource.TaskResourceTest</name>
      <duration>0.042</duration>
      <time>0.042</time>
      <enclosingBlocks/>
      <enclosingBlockNames/>
      <cases>
        <case>
          <duration>0.013</duration>
          <className>com.api.project.management.resource.TaskResourceTest</className>
          <testName>testDeleteTaskByBody</testName>
          <skipped>false</skipped>
          <failedSince>0</failedSince>
        </case>
        <case>
          <duration>0.005</duration>
          <className>com.api.project.management.resource.TaskResourceTest</className>
          <testName>testFindAllTasks</testName>
          <skipped>false</skipped>
          <failedSince>0</failedSince>
        </case>
        <case>
          <duration>0.007</duration>
          <className>com.api.project.management.resource.TaskResourceTest</className>
          <testName>testUpdateTask</testName>
          <skipped>false</skipped>
          <failedSince>0</failedSince>
        </case>
        <case>
          <duration>0.005</duration>
          <className>com.api.project.management.resource.TaskResourceTest</className>
          <testName>testFindTask</testName>
          <skipped>false</skipped>
          <failedSince>0</failedSince>
        </case>
        <case>
          <duration>0.007</duration>
          <className>com.api.project.management.resource.TaskResourceTest</className>
          <testName>testCreateTask</testName>
          <skipped>false</skipped>
          <failedSince>0</failedSince>
        </case>
        <case>
          <duration>0.005</duration>
          <className>com.api.project.management.resource.TaskResourceTest</className>
          <testName>testDeleteTaskByTaskId</testName>
          <skipped>false</skipped>
          <failedSince>0</failedSince>
        </case>
      </cases>
    </suite>
    <suite>
      <file>C:\KishoreSystem\Jenkins\workspace\project-management-app\target\surefire-reports\TEST-com.api.project.management.resource.UserResourceTest.xml</file>
      <name>com.api.project.management.resource.UserResourceTest</name>
      <duration>0.04</duration>
      <time>0.04</time>
      <enclosingBlocks/>
      <enclosingBlockNames/>
      <cases>
        <case>
          <duration>0.006</duration>
          <className>com.api.project.management.resource.UserResourceTest</className>
          <testName>testDeleteUserByBody</testName>
          <skipped>false</skipped>
          <failedSince>0</failedSince>
        </case>
        <case>
          <duration>0.007</duration>
          <className>com.api.project.management.resource.UserResourceTest</className>
          <testName>testFindAllUsers</testName>
          <skipped>false</skipped>
          <failedSince>0</failedSince>
        </case>
        <case>
          <duration>0.007</duration>
          <className>com.api.project.management.resource.UserResourceTest</className>
          <testName>testUpdateUser</testName>
          <skipped>false</skipped>
          <failedSince>0</failedSince>
        </case>
        <case>
          <duration>0.005</duration>
          <className>com.api.project.management.resource.UserResourceTest</className>
          <testName>testFindUser</testName>
          <skipped>false</skipped>
          <failedSince>0</failedSince>
        </case>
        <case>
          <duration>0.009</duration>
          <className>com.api.project.management.resource.UserResourceTest</className>
          <testName>testCreateUser</testName>
          <skipped>false</skipped>
          <failedSince>0</failedSince>
        </case>
        <case>
          <duration>0.006</duration>
          <className>com.api.project.management.resource.UserResourceTest</className>
          <testName>testDeleteUserById</testName>
          <skipped>false</skipped>
          <failedSince>0</failedSince>
        </case>
      </cases>
    </suite>
    <suite>
      <file>C:\KishoreSystem\Jenkins\workspace\project-management-app\target\surefire-reports\TEST-com.api.project.management.response.converter.ResponseConvertersTest.xml</file>
      <name>com.api.project.management.response.converter.ResponseConvertersTest</name>
      <duration>0.058</duration>
      <time>0.058</time>
      <enclosingBlocks/>
      <enclosingBlockNames/>
      <cases>
        <case>
          <duration>0.011</duration>
          <className>com.api.project.management.response.converter.ResponseConvertersTest</className>
          <testName>testProjectToProjectDetails</testName>
          <skipped>false</skipped>
          <failedSince>0</failedSince>
        </case>
        <case>
          <duration>0.016</duration>
          <className>com.api.project.management.response.converter.ResponseConvertersTest</className>
          <testName>testUserToUserDetails</testName>
          <skipped>false</skipped>
          <failedSince>0</failedSince>
        </case>
        <case>
          <duration>0.018</duration>
          <className>com.api.project.management.response.converter.ResponseConvertersTest</className>
          <testName>testTaskToTaskDetails</testName>
          <skipped>false</skipped>
          <failedSince>0</failedSince>
        </case>
        <case>
          <duration>0.013</duration>
          <className>com.api.project.management.response.converter.ResponseConvertersTest</className>
          <testName>testParentTaskToParentTaskDetails</testName>
          <skipped>false</skipped>
          <failedSince>0</failedSince>
        </case>
      </cases>
    </suite>
    <suite>
      <file>C:\KishoreSystem\Jenkins\workspace\project-management-app\target\surefire-reports\TEST-com.api.project.management.service.impl.ParentTaskResourceTest.xml</file>
      <name>com.api.project.management.service.impl.ParentTaskResourceTest</name>
      <duration>0.054</duration>
      <time>0.054</time>
      <enclosingBlocks/>
      <enclosingBlockNames/>
      <cases>
        <case>
          <duration>0.001</duration>
          <className>com.api.project.management.service.impl.ParentTaskResourceTest</className>
          <testName>testDeleteParentTaskByBody</testName>
          <skipped>false</skipped>
          <failedSince>0</failedSince>
        </case>
        <case>
          <duration>0.001</duration>
          <className>com.api.project.management.service.impl.ParentTaskResourceTest</className>
          <testName>testFindAllParentTasks</testName>
          <skipped>false</skipped>
          <failedSince>0</failedSince>
        </case>
        <case>
          <duration>0.009</duration>
          <className>com.api.project.management.service.impl.ParentTaskResourceTest</className>
          <testName>testDeleteParentTaskById</testName>
          <skipped>false</skipped>
          <failedSince>0</failedSince>
        </case>
        <case>
          <duration>0.013</duration>
          <className>com.api.project.management.service.impl.ParentTaskResourceTest</className>
          <testName>testCreateParentTask</testName>
          <skipped>false</skipped>
          <failedSince>0</failedSince>
        </case>
        <case>
          <duration>0.019</duration>
          <className>com.api.project.management.service.impl.ParentTaskResourceTest</className>
          <testName>testUpdateParentTask</testName>
          <skipped>false</skipped>
          <failedSince>0</failedSince>
        </case>
        <case>
          <duration>0.011</duration>
          <className>com.api.project.management.service.impl.ParentTaskResourceTest</className>
          <testName>testFindParentTask</testName>
          <skipped>false</skipped>
          <failedSince>0</failedSince>
        </case>
      </cases>
    </suite>
    <suite>
      <file>C:\KishoreSystem\Jenkins\workspace\project-management-app\target\surefire-reports\TEST-com.api.project.management.service.impl.ParentTaskServiceImplTest.xml</file>
      <name>com.api.project.management.service.impl.ParentTaskServiceImplTest</name>
      <duration>0.196</duration>
      <time>0.196</time>
      <enclosingBlocks/>
      <enclosingBlockNames/>
      <cases>
        <case>
          <duration>0.021</duration>
          <className>com.api.project.management.service.impl.ParentTaskServiceImplTest</className>
          <testName>testFindByParentTaskIdException</testName>
          <skipped>false</skipped>
          <failedSince>0</failedSince>
        </case>
        <case>
          <duration>0.021</duration>
          <className>com.api.project.management.service.impl.ParentTaskServiceImplTest</className>
          <testName>testFindAllParentTasksWithoutData</testName>
          <skipped>false</skipped>
          <failedSince>0</failedSince>
        </case>
        <case>
          <duration>0.039</duration>
          <className>com.api.project.management.service.impl.ParentTaskServiceImplTest</className>
          <testName>testCreateParentTaskException</testName>
          <skipped>false</skipped>
          <failedSince>0</failedSince>
        </case>
        <case>
          <duration>0.016</duration>
          <className>com.api.project.management.service.impl.ParentTaskServiceImplTest</className>
          <testName>testCreateParentTask</testName>
          <skipped>false</skipped>
          <failedSince>0</failedSince>
        </case>
        <case>
          <duration>0.019</duration>
          <className>com.api.project.management.service.impl.ParentTaskServiceImplTest</className>
          <testName>testFindAllParentTasksWithData</testName>
          <skipped>false</skipped>
          <failedSince>0</failedSince>
        </case>
        <case>
          <duration>0.029</duration>
          <className>com.api.project.management.service.impl.ParentTaskServiceImplTest</className>
          <testName>testDeleteParentTaskDetailsById</testName>
          <skipped>false</skipped>
          <failedSince>0</failedSince>
        </case>
        <case>
          <duration>0.025</duration>
          <className>com.api.project.management.service.impl.ParentTaskServiceImplTest</className>
          <testName>testUpdateParentTask</testName>
          <skipped>false</skipped>
          <failedSince>0</failedSince>
        </case>
        <case>
          <duration>0.026</duration>
          <className>com.api.project.management.service.impl.ParentTaskServiceImplTest</className>
          <testName>testDeleteParentTaskDetails</testName>
          <skipped>false</skipped>
          <failedSince>0</failedSince>
        </case>
      </cases>
    </suite>
    <suite>
      <file>C:\KishoreSystem\Jenkins\workspace\project-management-app\target\surefire-reports\TEST-com.api.project.management.service.impl.ProjectServiceImplTest.xml</file>
      <name>com.api.project.management.service.impl.ProjectServiceImplTest</name>
      <duration>0.225</duration>
      <time>0.225</time>
      <enclosingBlocks/>
      <enclosingBlockNames/>
      <cases>
        <case>
          <duration>0.025</duration>
          <className>com.api.project.management.service.impl.ProjectServiceImplTest</className>
          <testName>testFindProjectByProjectId</testName>
          <skipped>false</skipped>
          <failedSince>0</failedSince>
        </case>
        <case>
          <duration>0.016</duration>
          <className>com.api.project.management.service.impl.ProjectServiceImplTest</className>
          <testName>testUpdateProject</testName>
          <skipped>false</skipped>
          <failedSince>0</failedSince>
        </case>
        <case>
          <duration>0.018</duration>
          <className>com.api.project.management.service.impl.ProjectServiceImplTest</className>
          <testName>testFindAllProjectsScenarioOne</testName>
          <skipped>false</skipped>
          <failedSince>0</failedSince>
        </case>
        <case>
          <duration>0.018</duration>
          <className>com.api.project.management.service.impl.ProjectServiceImplTest</className>
          <testName>testFindAllProjectsScenarioTwo</testName>
          <skipped>false</skipped>
          <failedSince>0</failedSince>
        </case>
        <case>
          <duration>0.016</duration>
          <className>com.api.project.management.service.impl.ProjectServiceImplTest</className>
          <testName>testCreateProjectScenarioSeven</testName>
          <skipped>false</skipped>
          <failedSince>0</failedSince>
        </case>
        <case>
          <duration>0.036</duration>
          <className>com.api.project.management.service.impl.ProjectServiceImplTest</className>
          <testName>testCreateProjectScenarioThree</testName>
          <skipped>false</skipped>
          <failedSince>0</failedSince>
        </case>
        <case>
          <duration>0.02</duration>
          <className>com.api.project.management.service.impl.ProjectServiceImplTest</className>
          <testName>testDeleteProjectById</testName>
          <skipped>false</skipped>
          <failedSince>0</failedSince>
        </case>
        <case>
          <duration>0.022</duration>
          <className>com.api.project.management.service.impl.ProjectServiceImplTest</className>
          <testName>testCreateProjectScenarioOne</testName>
          <skipped>false</skipped>
          <failedSince>0</failedSince>
        </case>
        <case>
          <duration>0.01</duration>
          <className>com.api.project.management.service.impl.ProjectServiceImplTest</className>
          <testName>testCreateProjectScenarioSix</testName>
          <skipped>false</skipped>
          <failedSince>0</failedSince>
        </case>
        <case>
          <duration>0.01</duration>
          <className>com.api.project.management.service.impl.ProjectServiceImplTest</className>
          <testName>testCreateProjectScenarioTwo</testName>
          <skipped>false</skipped>
          <failedSince>0</failedSince>
        </case>
        <case>
          <duration>0.013</duration>
          <className>com.api.project.management.service.impl.ProjectServiceImplTest</className>
          <testName>testDeleteProject</testName>
          <skipped>false</skipped>
          <failedSince>0</failedSince>
        </case>
        <case>
          <duration>0.01</duration>
          <className>com.api.project.management.service.impl.ProjectServiceImplTest</className>
          <testName>testCreateProjectScenarioFive</testName>
          <skipped>false</skipped>
          <failedSince>0</failedSince>
        </case>
        <case>
          <duration>0.011</duration>
          <className>com.api.project.management.service.impl.ProjectServiceImplTest</className>
          <testName>testCreateProjectScenarioFour</testName>
          <skipped>false</skipped>
          <failedSince>0</failedSince>
        </case>
      </cases>
    </suite>
    <suite>
      <file>C:\KishoreSystem\Jenkins\workspace\project-management-app\target\surefire-reports\TEST-com.api.project.management.service.impl.TaskServiceImplTest.xml</file>
      <name>com.api.project.management.service.impl.TaskServiceImplTest</name>
      <duration>0.11</duration>
      <time>0.11</time>
      <enclosingBlocks/>
      <enclosingBlockNames/>
      <cases>
        <case>
          <duration>0.013</duration>
          <className>com.api.project.management.service.impl.TaskServiceImplTest</className>
          <testName>testCreateTaskScenarioThree</testName>
          <skipped>false</skipped>
          <failedSince>0</failedSince>
        </case>
        <case>
          <duration>0.009</duration>
          <className>com.api.project.management.service.impl.TaskServiceImplTest</className>
          <testName>testFindTaskByTaskId</testName>
          <skipped>false</skipped>
          <failedSince>0</failedSince>
        </case>
        <case>
          <duration>0.011</duration>
          <className>com.api.project.management.service.impl.TaskServiceImplTest</className>
          <testName>testUpdateTask</testName>
          <skipped>false</skipped>
          <failedSince>0</failedSince>
        </case>
        <case>
          <duration>0.006</duration>
          <className>com.api.project.management.service.impl.TaskServiceImplTest</className>
          <testName>testCreateTaskScenarioFive</testName>
          <skipped>false</skipped>
          <failedSince>0</failedSince>
        </case>
        <case>
          <duration>0.007</duration>
          <className>com.api.project.management.service.impl.TaskServiceImplTest</className>
          <testName>testCreateTaskScenarioFour</testName>
          <skipped>false</skipped>
          <failedSince>0</failedSince>
        </case>
        <case>
          <duration>0.008</duration>
          <className>com.api.project.management.service.impl.TaskServiceImplTest</className>
          <testName>testDeleteTaskById</testName>
          <skipped>false</skipped>
          <failedSince>0</failedSince>
        </case>
        <case>
          <duration>0.013</duration>
          <className>com.api.project.management.service.impl.TaskServiceImplTest</className>
          <testName>testFindAllProjectsScenarioTwo</testName>
          <skipped>false</skipped>
          <failedSince>0</failedSince>
        </case>
        <case>
          <duration>0.008</duration>
          <className>com.api.project.management.service.impl.TaskServiceImplTest</className>
          <testName>testFindAllTasksScenarioOne</testName>
          <skipped>false</skipped>
          <failedSince>0</failedSince>
        </case>
        <case>
          <duration>0.006</duration>
          <className>com.api.project.management.service.impl.TaskServiceImplTest</className>
          <testName>testDeleteTask</testName>
          <skipped>false</skipped>
          <failedSince>0</failedSince>
        </case>
        <case>
          <duration>0.01</duration>
          <className>com.api.project.management.service.impl.TaskServiceImplTest</className>
          <testName>testCreateTaskScenarioOne</testName>
          <skipped>false</skipped>
          <failedSince>0</failedSince>
        </case>
        <case>
          <duration>0.011</duration>
          <className>com.api.project.management.service.impl.TaskServiceImplTest</className>
          <testName>testCreateTaskScenarioSix</testName>
          <skipped>false</skipped>
          <failedSince>0</failedSince>
        </case>
        <case>
          <duration>0.008</duration>
          <className>com.api.project.management.service.impl.TaskServiceImplTest</className>
          <testName>testCreateTaskScenarioTwo</testName>
          <skipped>false</skipped>
          <failedSince>0</failedSince>
        </case>
      </cases>
    </suite>
    <suite>
      <file>C:\KishoreSystem\Jenkins\workspace\project-management-app\target\surefire-reports\TEST-com.api.project.management.service.impl.UserServiceImplTest.xml</file>
      <name>com.api.project.management.service.impl.UserServiceImplTest</name>
      <duration>0.098</duration>
      <time>0.098</time>
      <enclosingBlocks/>
      <enclosingBlockNames/>
      <cases>
        <case>
          <duration>0.012</duration>
          <className>com.api.project.management.service.impl.UserServiceImplTest</className>
          <testName>testDeleteUserByBody</testName>
          <skipped>false</skipped>
          <failedSince>0</failedSince>
        </case>
        <case>
          <duration>0.007</duration>
          <className>com.api.project.management.service.impl.UserServiceImplTest</className>
          <testName>testFindAllUsers</testName>
          <skipped>false</skipped>
          <failedSince>0</failedSince>
        </case>
        <case>
          <duration>0.008</duration>
          <className>com.api.project.management.service.impl.UserServiceImplTest</className>
          <testName>testUpdateUser</testName>
          <skipped>false</skipped>
          <failedSince>0</failedSince>
        </case>
        <case>
          <duration>0.014</duration>
          <className>com.api.project.management.service.impl.UserServiceImplTest</className>
          <testName>testCreateUserScenarioEmployeeIdZero</testName>
          <skipped>false</skipped>
          <failedSince>0</failedSince>
        </case>
        <case>
          <duration>0.011</duration>
          <className>com.api.project.management.service.impl.UserServiceImplTest</className>
          <testName>testCreateUser</testName>
          <skipped>false</skipped>
          <failedSince>0</failedSince>
        </case>
        <case>
          <duration>0.012</duration>
          <className>com.api.project.management.service.impl.UserServiceImplTest</className>
          <testName>testDeleteUserById</testName>
          <skipped>false</skipped>
          <failedSince>0</failedSince>
        </case>
        <case>
          <duration>0.01</duration>
          <className>com.api.project.management.service.impl.UserServiceImplTest</className>
          <testName>testFindUserById</testName>
          <skipped>false</skipped>
          <failedSince>0</failedSince>
        </case>
        <case>
          <duration>0.006</duration>
          <className>com.api.project.management.service.impl.UserServiceImplTest</className>
          <testName>testCreateUserScenarioFirstNameEmpty</testName>
          <skipped>false</skipped>
          <failedSince>0</failedSince>
        </case>
        <case>
          <duration>0.008</duration>
          <className>com.api.project.management.service.impl.UserServiceImplTest</className>
          <testName>testCreateUserScenarioLastNameEmpty</testName>
          <skipped>false</skipped>
          <failedSince>0</failedSince>
        </case>
        <case>
          <duration>0.01</duration>
          <className>com.api.project.management.service.impl.UserServiceImplTest</className>
          <testName>testFindAllUsersNoData</testName>
          <skipped>false</skipped>
          <failedSince>0</failedSince>
        </case>
      </cases>
    </suite>
    <suite>
      <file>C:\KishoreSystem\Jenkins\workspace\project-management-app\target\surefire-reports\TEST-com.api.project.management.util.RequestConversionUtilsTest.xml</file>
      <name>com.api.project.management.util.RequestConversionUtilsTest</name>
      <duration>0.054</duration>
      <time>0.054</time>
      <enclosingBlocks/>
      <enclosingBlockNames/>
      <cases>
        <case>
          <duration>0.005</duration>
          <className>com.api.project.management.util.RequestConversionUtilsTest</className>
          <testName>testParentTaskDetailsScenarioThree</testName>
          <skipped>false</skipped>
          <failedSince>0</failedSince>
        </case>
        <case>
          <duration>0.006</duration>
          <className>com.api.project.management.util.RequestConversionUtilsTest</className>
          <testName>testTaskDetailsScenarioThree</testName>
          <skipped>false</skipped>
          <failedSince>0</failedSince>
        </case>
        <case>
          <duration>0.007</duration>
          <className>com.api.project.management.util.RequestConversionUtilsTest</className>
          <testName>testProjectDetailsScenarioOne</testName>
          <skipped>false</skipped>
          <failedSince>0</failedSince>
        </case>
        <case>
          <duration>0.004</duration>
          <className>com.api.project.management.util.RequestConversionUtilsTest</className>
          <testName>testProjectDetailsScenarioTwo</testName>
          <skipped>false</skipped>
          <failedSince>0</failedSince>
        </case>
        <case>
          <duration>0.008</duration>
          <className>com.api.project.management.util.RequestConversionUtilsTest</className>
          <testName>testTaskDetailsScenarioFour</testName>
          <skipped>false</skipped>
          <failedSince>0</failedSince>
        </case>
        <case>
          <duration>0.005</duration>
          <className>com.api.project.management.util.RequestConversionUtilsTest</className>
          <testName>testTaskDetailsScenarioOne</testName>
          <skipped>false</skipped>
          <failedSince>0</failedSince>
        </case>
        <case>
          <duration>0.008</duration>
          <className>com.api.project.management.util.RequestConversionUtilsTest</className>
          <testName>testTaskDetailsScenarioTwo</testName>
          <skipped>false</skipped>
          <failedSince>0</failedSince>
        </case>
        <case>
          <duration>0.005</duration>
          <className>com.api.project.management.util.RequestConversionUtilsTest</className>
          <testName>testParentTaskDetailsScenarioOne</testName>
          <skipped>false</skipped>
          <failedSince>0</failedSince>
        </case>
        <case>
          <duration>0.006</duration>
          <className>com.api.project.management.util.RequestConversionUtilsTest</className>
          <testName>testParentTaskDetailsScenarioTwo</testName>
          <skipped>false</skipped>
          <failedSince>0</failedSince>
        </case>
      </cases>
    </suite>
    <suite>
      <file>C:\KishoreSystem\Jenkins\workspace\project-management-app\target\surefire-reports\TEST-com.api.project.management.util.ResponseConversionUtilsTest.xml</file>
      <name>com.api.project.management.util.ResponseConversionUtilsTest</name>
      <duration>0.144</duration>
      <time>0.144</time>
      <enclosingBlocks/>
      <enclosingBlockNames/>
      <cases>
        <case>
          <duration>0.008</duration>
          <className>com.api.project.management.util.ResponseConversionUtilsTest</className>
          <testName>testTaskListByProjectIdScenarioOne</testName>
          <skipped>false</skipped>
          <failedSince>0</failedSince>
        </case>
        <case>
          <duration>0.006</duration>
          <className>com.api.project.management.util.ResponseConversionUtilsTest</className>
          <testName>testPopulateProjectDetailsFromProjectDataScenarioOne</testName>
          <skipped>false</skipped>
          <failedSince>0</failedSince>
        </case>
        <case>
          <duration>0.009</duration>
          <className>com.api.project.management.util.ResponseConversionUtilsTest</className>
          <testName>testPopulateProjectDetailsFromProjectDataScenarioTwo</testName>
          <skipped>false</skipped>
          <failedSince>0</failedSince>
        </case>
        <case>
          <duration>0.006</duration>
          <className>com.api.project.management.util.ResponseConversionUtilsTest</className>
          <testName>testUserDetailsFromTaskDataScenarioThree</testName>
          <skipped>false</skipped>
          <failedSince>0</failedSince>
        </case>
        <case>
          <duration>0.005</duration>
          <className>com.api.project.management.util.ResponseConversionUtilsTest</className>
          <testName>testTaskDataScenarioOne</testName>
          <skipped>false</skipped>
          <failedSince>0</failedSince>
        </case>
        <case>
          <duration>0.011</duration>
          <className>com.api.project.management.util.ResponseConversionUtilsTest</className>
          <testName>testTaskDataScenarioTwo</testName>
          <skipped>false</skipped>
          <failedSince>0</failedSince>
        </case>
        <case>
          <duration>0.017</duration>
          <className>com.api.project.management.util.ResponseConversionUtilsTest</className>
          <testName>testUserDetailsFromProjectScenarioOne</testName>
          <skipped>false</skipped>
          <failedSince>0</failedSince>
        </case>
        <case>
          <duration>0.009</duration>
          <className>com.api.project.management.util.ResponseConversionUtilsTest</className>
          <testName>testUserDetailsFromProjectScenarioTwo</testName>
          <skipped>false</skipped>
          <failedSince>0</failedSince>
        </case>
        <case>
          <duration>0.012</duration>
          <className>com.api.project.management.util.ResponseConversionUtilsTest</className>
          <testName>testUserDataScenarioOne</testName>
          <skipped>false</skipped>
          <failedSince>0</failedSince>
        </case>
        <case>
          <duration>0.011</duration>
          <className>com.api.project.management.util.ResponseConversionUtilsTest</className>
          <testName>testUserDataScenarioTwo</testName>
          <skipped>false</skipped>
          <failedSince>0</failedSince>
        </case>
        <case>
          <duration>0.009</duration>
          <className>com.api.project.management.util.ResponseConversionUtilsTest</className>
          <testName>testProjectUserAndTaskData</testName>
          <skipped>false</skipped>
          <failedSince>0</failedSince>
        </case>
        <case>
          <duration>0.012</duration>
          <className>com.api.project.management.util.ResponseConversionUtilsTest</className>
          <testName>testParentTaskDetailsScenarioOne</testName>
          <skipped>false</skipped>
          <failedSince>0</failedSince>
        </case>
        <case>
          <duration>0.01</duration>
          <className>com.api.project.management.util.ResponseConversionUtilsTest</className>
          <testName>testParentTaskDetailsScenarioTwo</testName>
          <skipped>false</skipped>
          <failedSince>0</failedSince>
        </case>
        <case>
          <duration>0.008</duration>
          <className>com.api.project.management.util.ResponseConversionUtilsTest</className>
          <testName>testUserDetailsFromTaskDataScenarioOne</testName>
          <skipped>false</skipped>
          <failedSince>0</failedSince>
        </case>
        <case>
          <duration>0.011</duration>
          <className>com.api.project.management.util.ResponseConversionUtilsTest</className>
          <testName>testUserDetailsFromTaskDataScenarioTwo</testName>
          <skipped>false</skipped>
          <failedSince>0</failedSince>
        </case>
      </cases>
    </suite>
  </suites>
  <duration>1.3300002</duration>
  <keepLongStdio>false</keepLongStdio>
</result>